{
  "stats": {
    "suites": 2,
    "tests": 1,
    "passes": 1,
    "pending": 0,
    "failures": 0,
    "start": "2017-10-23T12:57:50.025Z",
    "end": "2017-10-23T12:57:50.044Z",
    "duration": 19,
    "testsRegistered": 1,
    "passPercent": 100,
    "pendingPercent": 0,
    "other": 0,
    "hasOther": false,
    "skipped": 0,
    "hasSkipped": false,
    "passPercentClass": "success",
    "pendingPercentClass": "danger"
  },
  "suites": {
    "title": "",
    "suites": [
      {
        "title": "Number",
        "suites": [
          {
            "title": "#parse()",
            "suites": [],
            "tests": [
              {
                "title": "should return a number when a valid integer is provided",
                "fullTitle": "Number #parse() should return a number when a valid integer is provided",
                "timedOut": false,
                "duration": 1,
                "state": "passed",
                "speed": "fast",
                "pass": true,
                "fail": false,
                "pending": false,
                "code": "expect(Number.parseInt('1')).to.equal(1);",
                "err": {},
                "isRoot": false,
                "uuid": "22ac46ef-a740-4d03-bb61-065a1b9f4031",
                "parentUUID": "e551150e-56ce-4f59-9bc1-2f4a423633f0",
                "isHook": false,
                "skipped": false
              }
            ],
            "pending": [],
            "root": false,
            "_timeout": 2000,
            "file": "/src/test/javascript/Number.spec.js",
            "uuid": "e551150e-56ce-4f59-9bc1-2f4a423633f0",
            "beforeHooks": [],
            "afterHooks": [],
            "fullFile": "/Users/jamsuu/Documents/Development/Jam/travisjs/packages/admin/src/test/javascript/Number.spec.js",
            "passes": [
              {
                "title": "should return a number when a valid integer is provided",
                "fullTitle": "Number #parse() should return a number when a valid integer is provided",
                "timedOut": false,
                "duration": 1,
                "state": "passed",
                "speed": "fast",
                "pass": true,
                "fail": false,
                "pending": false,
                "code": "expect(Number.parseInt('1')).to.equal(1);",
                "err": {},
                "isRoot": false,
                "uuid": "22ac46ef-a740-4d03-bb61-065a1b9f4031",
                "parentUUID": "e551150e-56ce-4f59-9bc1-2f4a423633f0",
                "isHook": false,
                "skipped": false
              }
            ],
            "failures": [],
            "skipped": [],
            "hasBeforeHooks": false,
            "hasAfterHooks": false,
            "hasTests": true,
            "hasSuites": false,
            "totalTests": 1,
            "totalPasses": 1,
            "totalFailures": 0,
            "totalPending": 0,
            "totalSkipped": 0,
            "hasPasses": true,
            "hasFailures": false,
            "hasPending": false,
            "hasSkipped": false,
            "duration": 1,
            "rootEmpty": false
          }
        ],
        "tests": [],
        "pending": [],
        "root": false,
        "_timeout": 2000,
        "file": "/src/test/javascript/Number.spec.js",
        "uuid": "93bec0de-e90a-4196-ba70-81e370d8dc9f",
        "beforeHooks": [],
        "afterHooks": [],
        "fullFile": "/Users/jamsuu/Documents/Development/Jam/travisjs/packages/admin/src/test/javascript/Number.spec.js",
        "passes": [],
        "failures": [],
        "skipped": [],
        "hasBeforeHooks": false,
        "hasAfterHooks": false,
        "hasTests": false,
        "hasSuites": true,
        "totalTests": 0,
        "totalPasses": 0,
        "totalFailures": 0,
        "totalPending": 0,
        "totalSkipped": 0,
        "hasPasses": false,
        "hasFailures": false,
        "hasPending": false,
        "hasSkipped": false,
        "duration": 0,
        "rootEmpty": false
      }
    ],
    "tests": [],
    "pending": [],
    "root": true,
    "_timeout": 2000,
    "uuid": "357bf18a-c993-40a9-a314-2f13af963bbf",
    "beforeHooks": [],
    "afterHooks": [],
    "fullFile": "",
    "file": "",
    "passes": [],
    "failures": [],
    "skipped": [],
    "hasBeforeHooks": false,
    "hasAfterHooks": false,
    "hasTests": false,
    "hasSuites": true,
    "totalTests": 0,
    "totalPasses": 0,
    "totalFailures": 0,
    "totalPending": 0,
    "totalSkipped": 0,
    "hasPasses": false,
    "hasFailures": false,
    "hasPending": false,
    "hasSkipped": false,
    "duration": 0,
    "rootEmpty": true
  },
  "allTests": [
    {
      "title": "should return a number when a valid integer is provided",
      "fullTitle": "#parse() should return a number when a valid integer is provided",
      "timedOut": false,
      "duration": 1,
      "state": "passed",
      "speed": "fast",
      "pass": true,
      "fail": false,
      "pending": false,
      "code": "expect(Number.parseInt('1')).to.equal(1);",
      "err": {},
      "isRoot": false,
      "uuid": "22ac46ef-a740-4d03-bb61-065a1b9f4031",
      "parentUUID": "e551150e-56ce-4f59-9bc1-2f4a423633f0",
      "isHook": false,
      "skipped": false
    }
  ],
  "allPending": [],
  "allPasses": [
    {
      "title": "should return a number when a valid integer is provided",
      "fullTitle": "#parse() should return a number when a valid integer is provided",
      "timedOut": false,
      "duration": 1,
      "state": "passed",
      "speed": "fast",
      "pass": true,
      "fail": false,
      "pending": false,
      "code": "expect(Number.parseInt('1')).to.equal(1);",
      "err": {},
      "isRoot": false,
      "uuid": "22ac46ef-a740-4d03-bb61-065a1b9f4031",
      "parentUUID": "e551150e-56ce-4f59-9bc1-2f4a423633f0",
      "isHook": false,
      "skipped": false
    }
  ],
  "allFailures": [],
  "copyrightYear": 2017
}